<?xml version="1.0" encoding="UTF-8"?>
<!-- Generated by org.testng.reporters.JUnitReportReporter -->
<testsuite hostname="CompuTech" failures="0" tests="2" name="com.computech.testcases.SampleTest" time="43.663" errors="0" timestamp="2024-04-03T10:29:53 IST" skipped="0">
  <testcase classname="com.computech.testcases.SampleTest" name="LoginAndLogoutTest" time="18.910"/>
  <testcase classname="com.computech.testcases.SampleTest" name="Login_CreateLeadAndLogoutTest" time="24.753"/>
</testsuite> <!-- com.computech.testcases.SampleTest -->
