<?xml version="1.0" encoding="UTF-8"?>
<!-- Generated by org.testng.reporters.JUnitReportReporter -->
<testsuite hostname="CompuTech" failures="0" tests="2" name="demo.SampleTest" time="38.214" errors="0" timestamp="2024-03-23T12:58:49 IST" skipped="0">
  <testcase classname="demo.SampleTest" name="loginAndLogout" time="15.064"/>
  <testcase classname="demo.SampleTest" name="CreatedLeadAndLogout" time="23.150"/>
</testsuite> <!-- demo.SampleTest -->
