<?xml version="1.0" encoding="UTF-8"?>
<!-- Generated by org.testng.reporters.JUnitReportReporter -->
<testsuite hostname="CompuTech" failures="0" tests="2" name="com.computech.testcases.SampleTest4" time="57.787" errors="0" timestamp="2024-03-24T13:57:58 IST" skipped="0">
  <testcase classname="com.computech.testcases.SampleTest4" name="LoginAndLogoutTest" time="24.420"/>
  <testcase classname="com.computech.testcases.SampleTest4" name="Login_CreateLeadAndLogoutTest" time="33.367"/>
</testsuite> <!-- com.computech.testcases.SampleTest4 -->
