<?xml version="1.0" encoding="UTF-8"?>
<!-- Generated by org.testng.reporters.JUnitReportReporter -->
<testsuite hostname="CompuTech" failures="0" tests="2" name="demo.TestCases" time="38.191" errors="0" timestamp="2024-03-23T12:39:52 IST" skipped="0">
  <testcase classname="demo.TestCases" name="loginAndLogout" time="14.622"/>
  <testcase classname="demo.TestCases" name="CreatedLeadAndLogout" time="23.569"/>
</testsuite> <!-- demo.TestCases -->
