<?xml version="1.0" encoding="UTF-8"?>
<!-- Generated by org.testng.reporters.JUnitReportReporter -->
<testsuite hostname="CompuTech" failures="0" tests="2" name="com.computech.testcases.SampleTest" time="67.716" errors="0" timestamp="2024-04-09T12:45:58 IST" skipped="0">
  <testcase classname="com.computech.testcases.SampleTest" name="Login_CreateLeadAndLogoutTest" time="35.129"/>
  <testcase classname="com.computech.testcases.SampleTest" name="LoginAndLogoutTest" time="32.587"/>
</testsuite> <!-- com.computech.testcases.SampleTest -->
